<?xml version="1.0" encoding="UTF-8"?>
<!-- Generated by org.testng.reporters.JUnitReportReporter -->
<testsuite hostname="DESKTOP-TQITTE4" failures="0" tests="1" name="Authentications.Oauth2_0Authentication" time="2.877" errors="0" timestamp="2022-09-29T00:12:41 IST" skipped="0">
  <testcase classname="Authentications.Oauth2_0Authentication" name="oauth2Auth" time="2.877"/>
  <system-out/>
</testsuite> <!-- Authentications.Oauth2_0Authentication -->
