<?xml version="1.0" encoding="UTF-8"?>
<!-- Generated by org.testng.reporters.JUnitReportReporter -->
<testsuite hostname="DESKTOP-TQITTE4" failures="0" tests="1" name="ResponseValidation.StaticResponseValidation" time="2.479" errors="0" timestamp="2022-09-27T13:01:19 IST" skipped="0">
  <testcase classname="ResponseValidation.StaticResponseValidation" name="staticResponse" time="2.479"/>
  <system-out/>
</testsuite> <!-- ResponseValidation.StaticResponseValidation -->
