<?xml version="1.0" encoding="UTF-8"?>
<!-- Generated by org.testng.reporters.JUnitReportReporter -->
<testsuite hostname="DESKTOP-TQITTE4" failures="0" tests="1" name="RequestChaining.CreateAndGet" time="2.932" errors="0" timestamp="2022-09-28T13:41:51 IST" skipped="0">
  <testcase classname="RequestChaining.CreateAndGet" name="createAndGet" time="2.932"/>
  <system-out/>
</testsuite> <!-- RequestChaining.CreateAndGet -->
