<?xml version="1.0" encoding="UTF-8"?>
<!-- Generated by org.testng.reporters.JUnitReportReporter -->
<testsuite hostname="DESKTOP-TQITTE4" failures="0" tests="1" name="SerializationDeserialization.ArrayDeserialization" time="0.177" errors="0" timestamp="2022-09-21T15:59:55 IST" skipped="0">
  <testcase classname="SerializationDeserialization.ArrayDeserialization" name="deserializationTest" time="0.177"/>
  <system-out/>
</testsuite> <!-- SerializationDeserialization.ArrayDeserialization -->
