<?xml version="1.0" encoding="UTF-8"?>
<!-- Generated by org.testng.reporters.JUnitReportReporter -->
<testsuite hostname="DESKTOP-TQITTE4" failures="0" tests="1" name="RequestChaining.CreateGetAndDelete" time="2.646" errors="0" timestamp="2022-09-28T14:38:01 IST" skipped="0">
  <testcase classname="RequestChaining.CreateGetAndDelete" name="createGetAndDeleteOperation" time="2.646"/>
  <system-out/>
</testsuite> <!-- RequestChaining.CreateGetAndDelete -->
