<?xml version="1.0" encoding="UTF-8"?>
<!-- Generated by org.testng.reporters.JUnitReportReporter -->
<testsuite hostname="DESKTOP-TQITTE4" failures="0" tests="1" name="basic_CRUDOperations.GetAllProjectsTest" time="1.660" errors="0" timestamp="2022-09-28T12:05:32 IST" skipped="0">
  <testcase classname="basic_CRUDOperations.GetAllProjectsTest" name="getAllProjects" time="1.660"/>
  <system-out/>
</testsuite> <!-- basic_CRUDOperations.GetAllProjectsTest -->
