<?xml version="1.0" encoding="UTF-8"?>
<!-- Generated by org.testng.reporters.JUnitReportReporter -->
<testsuite hostname="DESKTOP-TQITTE4" failures="0" tests="1" name="DifferentWaysToPost.CreateProjectUsingPOJO" time="1.645" errors="0" timestamp="2022-09-24T02:39:50 IST" skipped="0">
  <testcase classname="DifferentWaysToPost.CreateProjectUsingPOJO" name="createProject" time="1.645"/>
  <system-out/>
</testsuite> <!-- DifferentWaysToPost.CreateProjectUsingPOJO -->
