<?xml version="1.0" encoding="UTF-8"?>
<!-- Generated by org.testng.reporters.JUnitReportReporter -->
<testsuite hostname="DESKTOP-TQITTE4" failures="0" tests="10" name="DataDrivenTestingRestAssured.CreateMultipleProjectWithDiffData" time="2.033" errors="0" timestamp="2022-09-27T22:12:40 IST" skipped="0">
  <testcase classname="DataDrivenTestingRestAssured.CreateMultipleProjectWithDiffData" name="createProject" time="0.023"/>
  <system-out/>
  <testcase classname="DataDrivenTestingRestAssured.CreateMultipleProjectWithDiffData" name="createProject" time="0.032"/>
  <system-out/>
  <testcase classname="DataDrivenTestingRestAssured.CreateMultipleProjectWithDiffData" name="createProject" time="0.029"/>
  <system-out/>
  <testcase classname="DataDrivenTestingRestAssured.CreateMultipleProjectWithDiffData" name="createProject" time="0.031"/>
  <system-out/>
  <testcase classname="DataDrivenTestingRestAssured.CreateMultipleProjectWithDiffData" name="createProject" time="0.016"/>
  <system-out/>
  <testcase classname="DataDrivenTestingRestAssured.CreateMultipleProjectWithDiffData" name="createProject" time="1.758"/>
  <system-out/>
  <testcase classname="DataDrivenTestingRestAssured.CreateMultipleProjectWithDiffData" name="createProject" time="0.070"/>
  <system-out/>
  <testcase classname="DataDrivenTestingRestAssured.CreateMultipleProjectWithDiffData" name="createProject" time="0.023"/>
  <system-out/>
  <testcase classname="DataDrivenTestingRestAssured.CreateMultipleProjectWithDiffData" name="createProject" time="0.034"/>
  <system-out/>
  <testcase classname="DataDrivenTestingRestAssured.CreateMultipleProjectWithDiffData" name="createProject" time="0.017"/>
  <system-out/>
</testsuite> <!-- DataDrivenTestingRestAssured.CreateMultipleProjectWithDiffData -->
