<?xml version="1.0" encoding="UTF-8"?>
<!-- Generated by org.testng.reporters.JUnitReportReporter -->
<testsuite hostname="DESKTOP-TQITTE4" failures="0" tests="1" name="basic_CRUDOperations.DeleteProjectTest" time="1.427" errors="0" timestamp="2022-09-23T14:16:28 IST" skipped="0">
  <testcase classname="basic_CRUDOperations.DeleteProjectTest" name="deleteProject" time="1.427"/>
  <system-out/>
</testsuite> <!-- basic_CRUDOperations.DeleteProjectTest -->
