<?xml version="1.0" encoding="UTF-8"?>
<!-- Generated by org.testng.reporters.JUnitReportReporter -->
<testsuite hostname="DESKTOP-TQITTE4" failures="0" tests="1" name="Parameters.QueryParameter" time="2.615" errors="0" timestamp="2022-09-28T12:17:05 IST" skipped="0">
  <testcase classname="Parameters.QueryParameter" name="queryParameter" time="2.615"/>
  <system-out/>
</testsuite> <!-- Parameters.QueryParameter -->
