<?xml version="1.0" encoding="UTF-8"?>
<!-- Generated by org.testng.reporters.JUnitReportReporter -->
<testsuite hostname="DESKTOP-TQITTE4" failures="0" tests="1" name="SerializationDeserialization.ArraySerialization" time="0.172" errors="0" timestamp="2022-09-21T15:47:08 IST" skipped="0">
  <testcase classname="SerializationDeserialization.ArraySerialization" name="SerializationTest" time="0.172"/>
  <system-out/>
</testsuite> <!-- SerializationDeserialization.ArraySerialization -->
