<?xml version="1.0" encoding="UTF-8"?>
<!-- Generated by org.testng.reporters.JUnitReportReporter -->
<testsuite hostname="DESKTOP-TQITTE4" failures="0" tests="1" name="DifferentWaysToPost.CreateProjectUsingJSONFile" time="1.426" errors="0" timestamp="2022-09-24T02:15:19 IST" skipped="0">
  <testcase classname="DifferentWaysToPost.CreateProjectUsingJSONFile" name="createProject" time="1.426"/>
  <system-out/>
</testsuite> <!-- DifferentWaysToPost.CreateProjectUsingJSONFile -->
