<?xml version="1.0" encoding="UTF-8"?>
<!-- Generated by org.testng.reporters.JUnitReportReporter -->
<testsuite hostname="DESKTOP-TQITTE4" failures="0" tests="1" name="ResponseValidation.DynamicResponseValidation" time="2.091" errors="0" timestamp="2022-09-27T14:51:31 IST" skipped="0">
  <testcase classname="ResponseValidation.DynamicResponseValidation" name="dynamicResponseV" time="2.091"/>
  <system-out/>
</testsuite> <!-- ResponseValidation.DynamicResponseValidation -->
