<?xml version="1.0" encoding="UTF-8"?>
<!-- Generated by org.testng.reporters.JUnitReportReporter -->
<testsuite hostname="DESKTOP-TQITTE4" failures="0" tests="1" name="basic_CRUDOperations.UpdateProjectTest" time="1.918" errors="0" timestamp="2022-09-23T14:07:08 IST" skipped="0">
  <testcase classname="basic_CRUDOperations.UpdateProjectTest" name="updateProject" time="1.918"/>
  <system-out/>
</testsuite> <!-- basic_CRUDOperations.UpdateProjectTest -->
