<?xml version="1.0" encoding="UTF-8"?>
<!-- Generated by org.testng.reporters.JUnitReportReporter -->
<testsuite hostname="DESKTOP-TQITTE4" failures="0" tests="1" name="SerializationDeserialization.Deserialization" time="0.185" errors="0" timestamp="2022-09-21T13:19:20 IST" skipped="0">
  <testcase classname="SerializationDeserialization.Deserialization" name="deserializationTest" time="0.185"/>
  <system-out/>
</testsuite> <!-- SerializationDeserialization.Deserialization -->
