<?xml version="1.0" encoding="UTF-8"?>
<!-- Generated by org.testng.reporters.JUnitReportReporter -->
<testsuite hostname="DESKTOP-TQITTE4" failures="0" tests="1" name="ResponseValidation.ResponseTimeValidation" time="1.720" errors="0" timestamp="2022-09-27T20:47:31 IST" skipped="0">
  <testcase classname="ResponseValidation.ResponseTimeValidation" name="responseTimeV" time="1.720"/>
  <system-out/>
</testsuite> <!-- ResponseValidation.ResponseTimeValidation -->
