<?xml version="1.0" encoding="UTF-8"?>
<!-- Generated by org.testng.reporters.JUnitReportReporter -->
<testsuite hostname="DESKTOP-TQITTE4" failures="0" tests="1" name="Authentications.BasicAuthenticatons" time="1.749" errors="0" timestamp="2022-09-28T15:17:36 IST" skipped="0">
  <testcase classname="Authentications.BasicAuthenticatons" name="digestiveAuthenticatons" time="1.749"/>
  <system-out/>
</testsuite> <!-- Authentications.BasicAuthenticatons -->
