<?xml version="1.0" encoding="UTF-8"?>
<!-- Generated by org.testng.reporters.JUnitReportReporter -->
<testsuite hostname="DESKTOP-TQITTE4" failures="0" tests="1" name="Parameters.PathParameter" time="1.773" errors="0" timestamp="2022-09-28T12:11:01 IST" skipped="0">
  <testcase classname="Parameters.PathParameter" name="pathParameter" time="1.773"/>
  <system-out/>
</testsuite> <!-- Parameters.PathParameter -->
