<?xml version="1.0" encoding="UTF-8"?>
<!-- Generated by org.testng.reporters.JUnitReportReporter -->
<testsuite hostname="DESKTOP-TQITTE4" failures="0" tests="1" name="bdd.CRUDOperations.UpdateProjectTest" time="1.583" errors="0" timestamp="2022-09-24T01:44:59 IST" skipped="0">
  <testcase classname="bdd.CRUDOperations.UpdateProjectTest" name="updateProject" time="1.583"/>
  <system-out/>
</testsuite> <!-- bdd.CRUDOperations.UpdateProjectTest -->
