<?xml version="1.0" encoding="UTF-8"?>
<!-- Generated by org.testng.reporters.JUnitReportReporter -->
<testsuite hostname="DESKTOP-TQITTE4" failures="0" tests="1" name="SerializationDeserialization.Serialization" time="0.174" errors="0" timestamp="2022-09-20T16:39:25 IST" skipped="0">
  <testcase classname="SerializationDeserialization.Serialization" name="SerializationTest" time="0.174"/>
  <system-out/>
</testsuite> <!-- SerializationDeserialization.Serialization -->
