<?xml version="1.0" encoding="UTF-8"?>
<!-- Generated by org.testng.reporters.JUnitReportReporter -->
<testsuite hostname="DESKTOP-TQITTE4" failures="0" tests="1" name="bdd.CRUDOperations.GetAllProjectsTest" time="1.806" errors="0" timestamp="2022-09-28T12:06:02 IST" skipped="0">
  <testcase classname="bdd.CRUDOperations.GetAllProjectsTest" name="getAllProjects" time="1.806"/>
  <system-out/>
</testsuite> <!-- bdd.CRUDOperations.GetAllProjectsTest -->
