<?xml version="1.0" encoding="UTF-8"?>
<!-- Generated by org.testng.reporters.JUnitReportReporter -->
<testsuite hostname="DESKTOP-TQITTE4" failures="0" tests="1" name="DifferentWaysToPost.CreateProjectUsingHashMap" time="1.646" errors="0" timestamp="2022-09-24T02:02:00 IST" skipped="0">
  <testcase classname="DifferentWaysToPost.CreateProjectUsingHashMap" name="createProject" time="1.646"/>
  <system-out/>
</testsuite> <!-- DifferentWaysToPost.CreateProjectUsingHashMap -->
