<?xml version="1.0" encoding="UTF-8"?>
<!-- Generated by org.testng.reporters.JUnitReportReporter -->
<testsuite hostname="DESKTOP-TQITTE4" failures="0" tests="1" name="bdd.CRUDOperations.CreateProjectTest" time="2.066" errors="0" timestamp="2022-09-24T00:52:10 IST" skipped="0">
  <testcase classname="bdd.CRUDOperations.CreateProjectTest" name="createProject" time="2.066"/>
  <system-out/>
</testsuite> <!-- bdd.CRUDOperations.CreateProjectTest -->
