<?xml version="1.0" encoding="UTF-8"?>
<!-- Generated by org.testng.reporters.JUnitReportReporter -->
<testsuite hostname="DESKTOP-TQITTE4" failures="0" tests="1" name="Authentications.BearerToken" time="3.917" errors="0" timestamp="2022-09-28T15:30:24 IST" skipped="0">
  <testcase classname="Authentications.BearerToken" name="bearerToken" time="3.917"/>
  <system-out/>
</testsuite> <!-- Authentications.BearerToken -->
