<?xml version="1.0" encoding="UTF-8"?>
<!-- Generated by org.testng.reporters.JUnitReportReporter -->
<testsuite hostname="DESKTOP-TQITTE4" failures="0" tests="1" name="RequestChaining.CreateGetUpdateAndDelete" time="2.574" errors="0" timestamp="2022-09-28T16:53:33 IST" skipped="0">
  <testcase classname="RequestChaining.CreateGetUpdateAndDelete" name="createGetAndDelete" time="2.574"/>
  <system-out/>
</testsuite> <!-- RequestChaining.CreateGetUpdateAndDelete -->
