<?xml version="1.0" encoding="UTF-8"?>
<!-- Generated by org.testng.reporters.JUnitReportReporter -->
<testsuite hostname="DESKTOP-TQITTE4" failures="0" tests="1" name="basic_CRUDOperations.CreateProjectTest" time="2.099" errors="0" timestamp="2022-09-23T09:56:30 IST" skipped="0">
  <testcase classname="basic_CRUDOperations.CreateProjectTest" name="createProjectTest" time="2.099"/>
  <system-out/>
</testsuite> <!-- basic_CRUDOperations.CreateProjectTest -->
