<?xml version="1.0" encoding="UTF-8"?>
<!-- Generated by org.testng.reporters.JUnitReportReporter -->
<testsuite hostname="DESKTOP-TQITTE4" failures="0" tests="1" name="DifferentWaysToPost.CreateProjectUsingJSONObject" time="1.607" errors="0" timestamp="2022-09-24T01:45:36 IST" skipped="0">
  <testcase classname="DifferentWaysToPost.CreateProjectUsingJSONObject" name="createProject" time="1.607"/>
  <system-out/>
</testsuite> <!-- DifferentWaysToPost.CreateProjectUsingJSONObject -->
