<?xml version="1.0" encoding="UTF-8"?>
<!-- Generated by org.testng.reporters.JUnitReportReporter -->
<testsuite hostname="DESKTOP-TQITTE4" failures="0" tests="1" name="SerializationDeserialization.DeSerializationUsingObject" time="0.320" errors="0" timestamp="2022-09-22T18:45:15 IST" skipped="0">
  <testcase classname="SerializationDeserialization.DeSerializationUsingObject" name="deserializationUsingObjectTest" time="0.320"/>
  <system-out/>
</testsuite> <!-- SerializationDeserialization.DeSerializationUsingObject -->
